# JRE version: OpenJDK Runtime Environment (8.0_162-b12) (build 1.8.0_162-b12)
# Java VM: OpenJDK 64-Bit Server VM (25.162-b12 mixed mode linux-amd64 compressed oops)
Heap:
 PSYoungGen      total 73216K, used 68099K [0x00000000d6f00000, 0x00000000dc200000, 0x0000000100000000)
  eden space 61440K, 100% used [0x00000000d6f00000,0x00000000dab00000,0x00000000dab00000)
  from space 11776K, 56% used [0x00000000db680000,0x00000000dbd00c60,0x00000000dc200000)
  to   space 11776K, 26% used [0x00000000dab00000,0x00000000dae0ca70,0x00000000db680000)
 ParOldGen       total 84992K, used 23329K [0x0000000084c00000, 0x0000000089f00000, 0x00000000d6f00000)
  object space 84992K, 27% used [0x0000000084c00000,0x00000000862c87a8,0x0000000089f00000)
 Metaspace       used 17043K, capacity 17366K, committed 17536K, reserved 1064960K
  class space    used 1800K, capacity 1897K, committed 1920K, reserved 1048576K
GC Heap History (10 events):
Event: 15.084 GC heap after
Heap after GC invocations=4 (full 0):
 PSYoungGen      total 36864K, used 5108K [0x00000000d6f00000, 0x00000000d9800000, 0x0000000100000000)
  eden space 31744K, 0% used [0x00000000d6f00000,0x00000000d6f00000,0x00000000d8e00000)
  from space 5120K, 99% used [0x00000000d9300000,0x00000000d97fd1e0,0x00000000d9800000)
  to   space 5120K, 0% used [0x00000000d8e00000,0x00000000d8e00000,0x00000000d9300000)
 ParOldGen       total 84992K, used 13201K [0x0000000084c00000, 0x0000000089f00000, 0x00000000d6f00000)
  object space 84992K, 15% used [0x0000000084c00000,0x00000000858e47f0,0x0000000089f00000)
 Metaspace       used 16073K, capacity 16366K, committed 16512K, reserved 1064960K
  class space    used 1755K, capacity 1851K, committed 1920K, reserved 1048576K
}
Event: 16.019 GC heap before
{Heap before GC invocations=5 (full 0):
 PSYoungGen      total 36864K, used 36852K [0x00000000d6f00000, 0x00000000d9800000, 0x0000000100000000)
  eden space 31744K, 100% used [0x00000000d6f00000,0x00000000d8e00000,0x00000000d8e00000)
  from space 5120K, 99% used [0x00000000d9300000,0x00000000d97fd1e0,0x00000000d9800000)
  to   space 5120K, 0% used [0x00000000d8e00000,0x00000000d8e00000,0x00000000d9300000)
 ParOldGen       total 84992K, used 13201K [0x0000000084c00000, 0x0000000089f00000, 0x00000000d6f00000)
  object space 84992K, 15% used [0x0000000084c00000,0x00000000858e47f0,0x0000000089f00000)
 Metaspace       used 16243K, capacity 16522K, committed 16768K, reserved 1064960K
  class space    used 1758K, capacity 1855K, committed 1920K, reserved 1048576K
Event: 16.032 GC heap after
Heap after GC invocations=5 (full 0):
 PSYoungGen      total 36352K, used 5109K [0x00000000d6f00000, 0x00000000da580000, 0x0000000100000000)
  eden space 31232K, 0% used [0x00000000d6f00000,0x00000000d6f00000,0x00000000d8d80000)
  from space 5120K, 99% used [0x00000000d8e00000,0x00000000d92fd6a0,0x00000000d9300000)
  to   space 12288K, 0% used [0x00000000d9980000,0x00000000d9980000,0x00000000da580000)
 ParOldGen       total 84992K, used 18167K [0x0000000084c00000, 0x0000000089f00000, 0x00000000d6f00000)
  object space 84992K, 21% used [0x0000000084c00000,0x0000000085dbdd58,0x0000000089f00000)
 Metaspace       used 16243K, capacity 16522K, committed 16768K, reserved 1064960K
  class space    used 1758K, capacity 1855K, committed 1920K, reserved 1048576K
}
Event: 17.323 GC heap before
{Heap before GC invocations=6 (full 0):
 PSYoungGen      total 36352K, used 36341K [0x00000000d6f00000, 0x00000000da580000, 0x0000000100000000)
  eden space 31232K, 100% used [0x00000000d6f00000,0x00000000d8d80000,0x00000000d8d80000)
  from space 5120K, 99% used [0x00000000d8e00000,0x00000000d92fd6a0,0x00000000d9300000)
  to   space 12288K, 0% used [0x00000000d9980000,0x00000000d9980000,0x00000000da580000)
 ParOldGen       total 84992K, used 18167K [0x0000000084c00000, 0x0000000089f00000, 0x00000000d6f00000)
  object space 84992K, 21% used [0x0000000084c00000,0x0000000085dbdd58,0x0000000089f00000)
 Metaspace       used 16443K, capacity 16822K, committed 17024K, reserved 1064960K
  class space    used 1769K, capacity 1887K, committed 1920K, reserved 1048576K
Event: 17.335 GC heap after
Heap after GC invocations=6 (full 0):
 PSYoungGen      total 42496K, used 9302K [0x00000000d6f00000, 0x00000000da500000, 0x0000000100000000)
  eden space 30720K, 0% used [0x00000000d6f00000,0x00000000d6f00000,0x00000000d8d00000)
  from space 11776K, 78% used [0x00000000d9980000,0x00000000da295b80,0x00000000da500000)
  to   space 12288K, 0% used [0x00000000d8d00000,0x00000000d8d00000,0x00000000d9900000)
 ParOldGen       total 84992K, used 18175K [0x0000000084c00000, 0x0000000089f00000, 0x00000000d6f00000)
  object space 84992K, 21% used [0x0000000084c00000,0x0000000085dbfd58,0x0000000089f00000)
 Metaspace       used 16443K, capacity 16822K, committed 17024K, reserved 1064960K
  class space    used 1769K, capacity 1887K, committed 1920K, reserved 1048576K
}
Event: 18.214 GC heap before
{Heap before GC invocations=7 (full 0):
 PSYoungGen      total 42496K, used 40022K [0x00000000d6f00000, 0x00000000da500000, 0x0000000100000000)
  eden space 30720K, 100% used [0x00000000d6f00000,0x00000000d8d00000,0x00000000d8d00000)
  from space 11776K, 78% used [0x00000000d9980000,0x00000000da295b80,0x00000000da500000)
  to   space 12288K, 0% used [0x00000000d8d00000,0x00000000d8d00000,0x00000000d9900000)
 ParOldGen       total 84992K, used 18175K [0x0000000084c00000, 0x0000000089f00000, 0x00000000d6f00000)
  object space 84992K, 21% used [0x0000000084c00000,0x0000000085dbfd58,0x0000000089f00000)
 Metaspace       used 16690K, capacity 17032K, committed 17280K, reserved 1064960K
  class space    used 1793K, capacity 1892K, committed 1920K, reserved 1048576K
Event: 18.233 GC heap after
Heap after GC invocations=7 (full 0):
 PSYoungGen      total 43008K, used 8934K [0x00000000d6f00000, 0x00000000dc200000, 0x0000000100000000)
  eden space 30720K, 0% used [0x00000000d6f00000,0x00000000d6f00000,0x00000000d8d00000)
  from space 12288K, 72% used [0x00000000d8d00000,0x00000000d95b9a28,0x00000000d9900000)
  to   space 11776K, 0% used [0x00000000db680000,0x00000000db680000,0x00000000dc200000)
 ParOldGen       total 84992K, used 19368K [0x0000000084c00000, 0x0000000089f00000, 0x00000000d6f00000)
  object space 84992K, 22% used [0x0000000084c00000,0x0000000085eea138,0x0000000089f00000)
 Metaspace       used 16690K, capacity 17032K, committed 17280K, reserved 1064960K
  class space    used 1793K, capacity 1892K, committed 1920K, reserved 1048576K
}
Event: 19.415 GC heap before
{Heap before GC invocations=8 (full 0):
 PSYoungGen      total 43008K, used 39654K [0x00000000d6f00000, 0x00000000dc200000, 0x0000000100000000)
  eden space 30720K, 100% used [0x00000000d6f00000,0x00000000d8d00000,0x00000000d8d00000)
  from space 12288K, 72% used [0x00000000d8d00000,0x00000000d95b9a28,0x00000000d9900000)
  to   space 11776K, 0% used [0x00000000db680000,0x00000000db680000,0x00000000dc200000)
 ParOldGen       total 84992K, used 19368K [0x0000000084c00000, 0x0000000089f00000, 0x00000000d6f00000)
  object space 84992K, 22% used [0x0000000084c00000,0x0000000085eea138,0x0000000089f00000)
 Metaspace       used 16981K, capacity 17302K, committed 17536K, reserved 1064960K
  class space    used 1799K, capacity 1897K, committed 1920K, reserved 1048576K
Event: 19.433 GC heap after
Heap after GC invocations=8 (full 0):
 PSYoungGen      total 73216K, used 6659K [0x00000000d6f00000, 0x00000000dc200000, 0x0000000100000000)
  eden space 61440K, 0% used [0x00000000d6f00000,0x00000000d6f00000,0x00000000dab00000)
  from space 11776K, 56% used [0x00000000db680000,0x00000000dbd00c60,0x00000000dc200000)
  to   space 11776K, 0% used [0x00000000dab00000,0x00000000dab00000,0x00000000db680000)
 ParOldGen       total 84992K, used 21520K [0x0000000084c00000, 0x0000000089f00000, 0x00000000d6f00000)
  object space 84992K, 25% used [0x0000000084c00000,0x0000000086104108,0x0000000089f00000)
 Metaspace       used 16981K, capacity 17302K, committed 17536K, reserved 1064960K
  class space    used 1799K, capacity 1897K, committed 1920K, reserved 1048576K
}
Event: 21.433 GC heap before
{Heap before GC invocations=9 (full 0):
 PSYoungGen      total 73216K, used 68099K [0x00000000d6f00000, 0x00000000dc200000, 0x0000000100000000)
  eden space 61440K, 100% used [0x00000000d6f00000,0x00000000dab00000,0x00000000dab00000)
  from space 11776K, 56% used [0x00000000db680000,0x00000000dbd00c60,0x00000000dc200000)
  to   space 11776K, 0% used [0x00000000dab00000,0x00000000dab00000,0x00000000db680000)
 ParOldGen       total 84992K, used 21520K [0x0000000084c00000, 0x0000000089f00000, 0x00000000d6f00000)
  object space 84992K, 25% used [0x0000000084c00000,0x0000000086104108,0x0000000089f00000)
 Metaspace       used 17043K, capacity 17366K, committed 17536K, reserved 1064960K
  class space    used 1800K, capacity 1897K, committed 1920K, reserved 1048576K

