# JRE version: OpenJDK Runtime Environment (8.0_162-b12) (build 1.8.0_162-b12)
# Java VM: OpenJDK 64-Bit Server VM (25.162-b12 mixed mode linux-amd64 compressed oops)
Heap:
 PSYoungGen      total 73728K, used 69842K [0x00000000d6f00000, 0x00000000de700000, 0x0000000100000000)
  eden space 61440K, 100% used [0x00000000d6f00000,0x00000000dab00000,0x00000000dab00000)
  from space 12288K, 68% used [0x00000000dab00000,0x00000000db334a70,0x00000000db700000)
  to   space 12288K, 31% used [0x00000000ddb00000,0x00000000dded0b80,0x00000000de700000)
 ParOldGen       total 84992K, used 19074K [0x0000000084c00000, 0x0000000089f00000, 0x00000000d6f00000)
  object space 84992K, 22% used [0x0000000084c00000,0x0000000085ea0ab8,0x0000000089f00000)
 Metaspace       used 17470K, capacity 17758K, committed 17920K, reserved 1064960K
  class space    used 1856K, capacity 1963K, committed 2048K, reserved 1048576K
GC Heap History (10 events):
Event: 12.081 GC heap after
Heap after GC invocations=5 (full 0):
 PSYoungGen      total 36352K, used 5092K [0x00000000d6f00000, 0x00000000da680000, 0x0000000100000000)
  eden space 31232K, 0% used [0x00000000d6f00000,0x00000000d6f00000,0x00000000d8d80000)
  from space 5120K, 99% used [0x00000000d8e00000,0x00000000d92f9388,0x00000000d9300000)
  to   space 12800K, 0% used [0x00000000d9a00000,0x00000000d9a00000,0x00000000da680000)
 ParOldGen       total 84992K, used 13850K [0x0000000084c00000, 0x0000000089f00000, 0x00000000d6f00000)
  object space 84992K, 16% used [0x0000000084c00000,0x0000000085986958,0x0000000089f00000)
 Metaspace       used 16870K, capacity 17180K, committed 17408K, reserved 1064960K
  class space    used 1838K, capacity 1924K, committed 2048K, reserved 1048576K
}
Event: 12.839 GC heap before
{Heap before GC invocations=6 (full 0):
 PSYoungGen      total 36352K, used 36324K [0x00000000d6f00000, 0x00000000da680000, 0x0000000100000000)
  eden space 31232K, 100% used [0x00000000d6f00000,0x00000000d8d80000,0x00000000d8d80000)
  from space 5120K, 99% used [0x00000000d8e00000,0x00000000d92f9388,0x00000000d9300000)
  to   space 12800K, 0% used [0x00000000d9a00000,0x00000000d9a00000,0x00000000da680000)
 ParOldGen       total 84992K, used 13850K [0x0000000084c00000, 0x0000000089f00000, 0x00000000d6f00000)
  object space 84992K, 16% used [0x0000000084c00000,0x0000000085986958,0x0000000089f00000)
 Metaspace       used 16947K, capacity 17260K, committed 17408K, reserved 1064960K
  class space    used 1839K, capacity 1926K, committed 2048K, reserved 1048576K
Event: 12.853 GC heap after
Heap after GC invocations=6 (full 0):
 PSYoungGen      total 43520K, used 9958K [0x00000000d6f00000, 0x00000000dc600000, 0x0000000100000000)
  eden space 30720K, 0% used [0x00000000d6f00000,0x00000000d6f00000,0x00000000d8d00000)
  from space 12800K, 77% used [0x00000000d9a00000,0x00000000da3b99a8,0x00000000da680000)
  to   space 13312K, 0% used [0x00000000d8d00000,0x00000000d8d00000,0x00000000d9a00000)
 ParOldGen       total 84992K, used 13858K [0x0000000084c00000, 0x0000000089f00000, 0x00000000d6f00000)
  object space 84992K, 16% used [0x0000000084c00000,0x0000000085988958,0x0000000089f00000)
 Metaspace       used 16947K, capacity 17260K, committed 17408K, reserved 1064960K
  class space    used 1839K, capacity 1926K, committed 2048K, reserved 1048576K
}
Event: 13.989 GC heap before
{Heap before GC invocations=7 (full 0):
 PSYoungGen      total 43520K, used 40678K [0x00000000d6f00000, 0x00000000dc600000, 0x0000000100000000)
  eden space 30720K, 100% used [0x00000000d6f00000,0x00000000d8d00000,0x00000000d8d00000)
  from space 12800K, 77% used [0x00000000d9a00000,0x00000000da3b99a8,0x00000000da680000)
  to   space 13312K, 0% used [0x00000000d8d00000,0x00000000d8d00000,0x00000000d9a00000)
 ParOldGen       total 84992K, used 13858K [0x0000000084c00000, 0x0000000089f00000, 0x00000000d6f00000)
  object space 84992K, 16% used [0x0000000084c00000,0x0000000085988958,0x0000000089f00000)
 Metaspace       used 17081K, capacity 17432K, committed 17664K, reserved 1064960K
  class space    used 1853K, capacity 1962K, committed 2048K, reserved 1048576K
Event: 14.001 GC heap after
Heap after GC invocations=7 (full 0):
 PSYoungGen      total 44032K, used 7942K [0x00000000d6f00000, 0x00000000dc300000, 0x0000000100000000)
  eden space 30720K, 0% used [0x00000000d6f00000,0x00000000d6f00000,0x00000000d8d00000)
  from space 13312K, 59% used [0x00000000d8d00000,0x00000000d94c1908,0x00000000d9a00000)
  to   space 12288K, 0% used [0x00000000db700000,0x00000000db700000,0x00000000dc300000)
 ParOldGen       total 84992K, used 15606K [0x0000000084c00000, 0x0000000089f00000, 0x00000000d6f00000)
  object space 84992K, 18% used [0x0000000084c00000,0x0000000085b3d840,0x0000000089f00000)
 Metaspace       used 17081K, capacity 17432K, committed 17664K, reserved 1064960K
  class space    used 1853K, capacity 1962K, committed 2048K, reserved 1048576K
}
Event: 14.727 GC heap before
{Heap before GC invocations=8 (full 0):
 PSYoungGen      total 44032K, used 38662K [0x00000000d6f00000, 0x00000000dc300000, 0x0000000100000000)
  eden space 30720K, 100% used [0x00000000d6f00000,0x00000000d8d00000,0x00000000d8d00000)
  from space 13312K, 59% used [0x00000000d8d00000,0x00000000d94c1908,0x00000000d9a00000)
  to   space 12288K, 0% used [0x00000000db700000,0x00000000db700000,0x00000000dc300000)
 ParOldGen       total 84992K, used 15606K [0x0000000084c00000, 0x0000000089f00000, 0x00000000d6f00000)
  object space 84992K, 18% used [0x0000000084c00000,0x0000000085b3d840,0x0000000089f00000)
 Metaspace       used 17331K, capacity 17688K, committed 17920K, reserved 1064960K
  class space    used 1854K, capacity 1962K, committed 2048K, reserved 1048576K
Event: 14.736 GC heap after
Heap after GC invocations=8 (full 0):
 PSYoungGen      total 73728K, used 6434K [0x00000000d6f00000, 0x00000000dc300000, 0x0000000100000000)
  eden space 61440K, 0% used [0x00000000d6f00000,0x00000000d6f00000,0x00000000dab00000)
  from space 12288K, 52% used [0x00000000db700000,0x00000000dbd48ae0,0x00000000dc300000)
  to   space 12288K, 0% used [0x00000000dab00000,0x00000000dab00000,0x00000000db700000)
 ParOldGen       total 84992K, used 17689K [0x0000000084c00000, 0x0000000089f00000, 0x00000000d6f00000)
  object space 84992K, 20% used [0x0000000084c00000,0x0000000085d46608,0x0000000089f00000)
 Metaspace       used 17331K, capacity 17688K, committed 17920K, reserved 1064960K
  class space    used 1854K, capacity 1962K, committed 2048K, reserved 1048576K
}
Event: 16.431 GC heap before
{Heap before GC invocations=9 (full 0):
 PSYoungGen      total 73728K, used 67874K [0x00000000d6f00000, 0x00000000dc300000, 0x0000000100000000)
  eden space 61440K, 100% used [0x00000000d6f00000,0x00000000dab00000,0x00000000dab00000)
  from space 12288K, 52% used [0x00000000db700000,0x00000000dbd48ae0,0x00000000dc300000)
  to   space 12288K, 0% used [0x00000000dab00000,0x00000000dab00000,0x00000000db700000)
 ParOldGen       total 84992K, used 17689K [0x0000000084c00000, 0x0000000089f00000, 0x00000000d6f00000)
  object space 84992K, 20% used [0x0000000084c00000,0x0000000085d46608,0x0000000089f00000)
 Metaspace       used 17394K, capacity 17752K, committed 17920K, reserved 1064960K
  class space    used 1855K, capacity 1962K, committed 2048K, reserved 1048576K
Event: 16.444 GC heap after
Heap after GC invocations=9 (full 0):
 PSYoungGen      total 73728K, used 8402K [0x00000000d6f00000, 0x00000000de700000, 0x0000000100000000)
  eden space 61440K, 0% used [0x00000000d6f00000,0x00000000d6f00000,0x00000000dab00000)
  from space 12288K, 68% used [0x00000000dab00000,0x00000000db334a70,0x00000000db700000)
  to   space 12288K, 0% used [0x00000000ddb00000,0x00000000ddb00000,0x00000000de700000)
 ParOldGen       total 84992K, used 18978K [0x0000000084c00000, 0x0000000089f00000, 0x00000000d6f00000)
  object space 84992K, 22% used [0x0000000084c00000,0x0000000085e88ab8,0x0000000089f00000)
 Metaspace       used 17394K, capacity 17752K, committed 17920K, reserved 1064960K
  class space    used 1855K, capacity 1962K, committed 2048K, reserved 1048576K
}
Event: 17.783 GC heap before
{Heap before GC invocations=10 (full 0):
 PSYoungGen      total 73728K, used 69842K [0x00000000d6f00000, 0x00000000de700000, 0x0000000100000000)
  eden space 61440K, 100% used [0x00000000d6f00000,0x00000000dab00000,0x00000000dab00000)
  from space 12288K, 68% used [0x00000000dab00000,0x00000000db334a70,0x00000000db700000)
  to   space 12288K, 0% used [0x00000000ddb00000,0x00000000ddb00000,0x00000000de700000)
 ParOldGen       total 84992K, used 18978K [0x0000000084c00000, 0x0000000089f00000, 0x00000000d6f00000)
  object space 84992K, 22% used [0x0000000084c00000,0x0000000085e88ab8,0x0000000089f00000)
 Metaspace       used 17470K, capacity 17758K, committed 17920K, reserved 1064960K
  class space    used 1856K, capacity 1963K, committed 2048K, reserved 1048576K

