# JRE version: OpenJDK Runtime Environment (8.0_162-b12) (build 1.8.0_162-b12)
# Java VM: OpenJDK 64-Bit Server VM (25.162-b12 mixed mode linux-amd64 compressed oops)
Heap:
 PSYoungGen      total 198144K, used 198132K [0x00000000d6f00000, 0x00000000e4f80000, 0x0000000100000000)
  eden space 183296K, 100% used [0x00000000d6f00000,0x00000000e2200000,0x00000000e2200000)
  from space 14848K, 99% used [0x00000000e4100000,0x00000000e4f7d310,0x00000000e4f80000)
  to   space 19968K, 36% used [0x00000000e2880000,0x00000000e2fa99c0,0x00000000e3c00000)
 ParOldGen       total 84992K, used 21515K [0x0000000084c00000, 0x0000000089f00000, 0x00000000d6f00000)
  object space 84992K, 25% used [0x0000000084c00000,0x0000000086102d68,0x0000000089f00000)
 Metaspace       used 17988K, capacity 18328K, committed 18432K, reserved 1064960K
  class space    used 1876K, capacity 2006K, committed 2048K, reserved 1048576K
GC Heap History (10 events):
Event: 16.444 GC heap after
Heap after GC invocations=8 (full 0):
 PSYoungGen      total 139264K, used 10436K [0x00000000d6f00000, 0x00000000e0500000, 0x0000000100000000)
  eden space 124928K, 0% used [0x00000000d6f00000,0x00000000d6f00000,0x00000000de900000)
  from space 14336K, 72% used [0x00000000df700000,0x00000000e01310e0,0x00000000e0500000)
  to   space 14336K, 0% used [0x00000000de900000,0x00000000de900000,0x00000000df700000)
 ParOldGen       total 84992K, used 17137K [0x0000000084c00000, 0x0000000089f00000, 0x00000000d6f00000)
  object space 84992K, 20% used [0x0000000084c00000,0x0000000085cbc428,0x0000000089f00000)
 Metaspace       used 17391K, capacity 17760K, committed 17920K, reserved 1064960K
  class space    used 1854K, capacity 1962K, committed 2048K, reserved 1048576K
}
Event: 18.936 GC heap before
{Heap before GC invocations=9 (full 0):
 PSYoungGen      total 139264K, used 135364K [0x00000000d6f00000, 0x00000000e0500000, 0x0000000100000000)
  eden space 124928K, 100% used [0x00000000d6f00000,0x00000000de900000,0x00000000de900000)
  from space 14336K, 72% used [0x00000000df700000,0x00000000e01310e0,0x00000000e0500000)
  to   space 14336K, 0% used [0x00000000de900000,0x00000000de900000,0x00000000df700000)
 ParOldGen       total 84992K, used 17137K [0x0000000084c00000, 0x0000000089f00000, 0x00000000d6f00000)
  object space 84992K, 20% used [0x0000000084c00000,0x0000000085cbc428,0x0000000089f00000)
 Metaspace       used 17557K, capacity 17894K, committed 18176K, reserved 1064960K
  class space    used 1859K, capacity 1963K, committed 2048K, reserved 1048576K
Event: 18.965 GC heap after
Heap after GC invocations=9 (full 0):
 PSYoungGen      total 139264K, used 14317K [0x00000000d6f00000, 0x00000000e5380000, 0x0000000100000000)
  eden space 124928K, 0% used [0x00000000d6f00000,0x00000000d6f00000,0x00000000de900000)
  from space 14336K, 99% used [0x00000000de900000,0x00000000df6fb5d0,0x00000000df700000)
  to   space 16896K, 0% used [0x00000000e4300000,0x00000000e4300000,0x00000000e5380000)
 ParOldGen       total 84992K, used 19858K [0x0000000084c00000, 0x0000000089f00000, 0x00000000d6f00000)
  object space 84992K, 23% used [0x0000000084c00000,0x0000000085f64ae8,0x0000000089f00000)
 Metaspace       used 17557K, capacity 17894K, committed 18176K, reserved 1064960K
  class space    used 1859K, capacity 1963K, committed 2048K, reserved 1048576K
}
Event: 21.707 GC heap before
{Heap before GC invocations=10 (full 0):
 PSYoungGen      total 139264K, used 139245K [0x00000000d6f00000, 0x00000000e5380000, 0x0000000100000000)
  eden space 124928K, 100% used [0x00000000d6f00000,0x00000000de900000,0x00000000de900000)
  from space 14336K, 99% used [0x00000000de900000,0x00000000df6fb5d0,0x00000000df700000)
  to   space 16896K, 0% used [0x00000000e4300000,0x00000000e4300000,0x00000000e5380000)
 ParOldGen       total 84992K, used 19858K [0x0000000084c00000, 0x0000000089f00000, 0x00000000d6f00000)
  object space 84992K, 23% used [0x0000000084c00000,0x0000000085f64ae8,0x0000000089f00000)
 Metaspace       used 17649K, capacity 18040K, committed 18176K, reserved 1064960K
  class space    used 1865K, capacity 2002K, committed 2048K, reserved 1048576K
Event: 21.725 GC heap after
Heap after GC invocations=10 (full 0):
 PSYoungGen      total 216064K, used 13940K [0x00000000d6f00000, 0x00000000e5580000, 0x0000000100000000)
  eden space 199168K, 0% used [0x00000000d6f00000,0x00000000d6f00000,0x00000000e3180000)
  from space 16896K, 82% used [0x00000000e4300000,0x00000000e509d270,0x00000000e5380000)
  to   space 17920K, 0% used [0x00000000e3180000,0x00000000e3180000,0x00000000e4300000)
 ParOldGen       total 84992K, used 20042K [0x0000000084c00000, 0x0000000089f00000, 0x00000000d6f00000)
  object space 84992K, 23% used [0x0000000084c00000,0x0000000085f92b08,0x0000000089f00000)
 Metaspace       used 17649K, capacity 18040K, committed 18176K, reserved 1064960K
  class space    used 1865K, capacity 2002K, committed 2048K, reserved 1048576K
}
Event: 25.366 GC heap before
{Heap before GC invocations=11 (full 0):
 PSYoungGen      total 216064K, used 213108K [0x00000000d6f00000, 0x00000000e5580000, 0x0000000100000000)
  eden space 199168K, 100% used [0x00000000d6f00000,0x00000000e3180000,0x00000000e3180000)
  from space 16896K, 82% used [0x00000000e4300000,0x00000000e509d270,0x00000000e5380000)
  to   space 17920K, 0% used [0x00000000e3180000,0x00000000e3180000,0x00000000e4300000)
 ParOldGen       total 84992K, used 20042K [0x0000000084c00000, 0x0000000089f00000, 0x00000000d6f00000)
  object space 84992K, 23% used [0x0000000084c00000,0x0000000085f92b08,0x0000000089f00000)
 Metaspace       used 17751K, capacity 18104K, committed 18176K, reserved 1064960K
  class space    used 1868K, capacity 2002K, committed 2048K, reserved 1048576K
Event: 25.389 GC heap after
Heap after GC invocations=11 (full 0):
 PSYoungGen      total 206848K, used 15589K [0x00000000d6f00000, 0x00000000e4f80000, 0x0000000100000000)
  eden space 190976K, 0% used [0x00000000d6f00000,0x00000000d6f00000,0x00000000e2980000)
  from space 15872K, 98% used [0x00000000e3180000,0x00000000e40b9420,0x00000000e4100000)
  to   space 14848K, 0% used [0x00000000e4100000,0x00000000e4100000,0x00000000e4f80000)
 ParOldGen       total 84992K, used 20779K [0x0000000084c00000, 0x0000000089f00000, 0x00000000d6f00000)
  object space 84992K, 24% used [0x0000000084c00000,0x000000008604ace8,0x0000000089f00000)
 Metaspace       used 17751K, capacity 18104K, committed 18176K, reserved 1064960K
  class space    used 1868K, capacity 2002K, committed 2048K, reserved 1048576K
}
Event: 28.858 GC heap before
{Heap before GC invocations=12 (full 0):
 PSYoungGen      total 206848K, used 206565K [0x00000000d6f00000, 0x00000000e4f80000, 0x0000000100000000)
  eden space 190976K, 100% used [0x00000000d6f00000,0x00000000e2980000,0x00000000e2980000)
  from space 15872K, 98% used [0x00000000e3180000,0x00000000e40b9420,0x00000000e4100000)
  to   space 14848K, 0% used [0x00000000e4100000,0x00000000e4100000,0x00000000e4f80000)
 ParOldGen       total 84992K, used 20779K [0x0000000084c00000, 0x0000000089f00000, 0x00000000d6f00000)
  object space 84992K, 24% used [0x0000000084c00000,0x000000008604ace8,0x0000000089f00000)
 Metaspace       used 17890K, capacity 18302K, committed 18432K, reserved 1064960K
  class space    used 1871K, capacity 2003K, committed 2048K, reserved 1048576K
Event: 28.877 GC heap after
Heap after GC invocations=12 (full 0):
 PSYoungGen      total 198144K, used 14836K [0x00000000d6f00000, 0x00000000e4f80000, 0x0000000100000000)
  eden space 183296K, 0% used [0x00000000d6f00000,0x00000000d6f00000,0x00000000e2200000)
  from space 14848K, 99% used [0x00000000e4100000,0x00000000e4f7d310,0x00000000e4f80000)
  to   space 19968K, 0% used [0x00000000e2880000,0x00000000e2880000,0x00000000e3c00000)
 ParOldGen       total 84992K, used 21219K [0x0000000084c00000, 0x0000000089f00000, 0x00000000d6f00000)
  object space 84992K, 24% used [0x0000000084c00000,0x00000000860b8d08,0x0000000089f00000)
 Metaspace       used 17890K, capacity 18302K, committed 18432K, reserved 1064960K
  class space    used 1871K, capacity 2003K, committed 2048K, reserved 1048576K
}
Event: 32.178 GC heap before
{Heap before GC invocations=13 (full 0):
 PSYoungGen      total 198144K, used 198132K [0x00000000d6f00000, 0x00000000e4f80000, 0x0000000100000000)
  eden space 183296K, 100% used [0x00000000d6f00000,0x00000000e2200000,0x00000000e2200000)
  from space 14848K, 99% used [0x00000000e4100000,0x00000000e4f7d310,0x00000000e4f80000)
  to   space 19968K, 0% used [0x00000000e2880000,0x00000000e2880000,0x00000000e3c00000)
 ParOldGen       total 84992K, used 21219K [0x0000000084c00000, 0x0000000089f00000, 0x00000000d6f00000)
  object space 84992K, 24% used [0x0000000084c00000,0x00000000860b8d08,0x0000000089f00000)
 Metaspace       used 17988K, capacity 18328K, committed 18432K, reserved 1064960K
  class space    used 1876K, capacity 2006K, committed 2048K, reserved 1048576K

